<?xml version="1.0" encoding="UTF-8"?>
<testsuite xmlns:xsi="http://www.w3.org/2001/XMLSchema-instance" xsi:noNamespaceSchemaLocation="https://maven.apache.org/surefire/maven-surefire-plugin/xsd/surefire-test-report.xsd" name="com.ascending.training.jdbc.TestAll" time="0.32" tests="4" errors="1" skipped="0" failures="1">
  <properties>
[...]
</properties>
  <testcase name="getUsersTest" classname="com.ascending.training.UsersDaoTest" time="0.231"/>
  <testcase name="getPetNameTest" classname="com.ascending.training.PetsDaoTest" time="0.024">
    <failure message="expected:&lt;Ju[dd]&gt; but was:&lt;Ju[stin]&gt;" type="org.junit.ComparisonFailure"><![CDATA[org.junit.ComparisonFailure: expected:<Ju[dd]> but was:<Ju[stin]>
	at com.ascending.training.PetsDaoTest.getPetNameTest(PetsDaoTest.java:31)
]]></failure>
    <system-out><![CDATA[Connecting to database...
Creating statement...
com.ascending.training.model.Pets@5d624da6com.ascending.training.model.Pets@1e67b872]]></system-out>
  </testcase>
  <testcase name="getCatsNameTest" classname="com.ascending.training.CatDaoTest" time="0.019"/>
  <testcase name="getIdofDogTest" classname="com.ascending.training.DogsDaoTest" time="0.016">
    <error message="Index: 0, Size: 0" type="java.lang.IndexOutOfBoundsException">java.lang.IndexOutOfBoundsException: Index: 0, Size: 0
	at com.ascending.training.DogsDaoTest.getIdofDogTest(DogsDaoTest.java:30)
</error>
    <system-out><![CDATA[Connecting to database...
Creating statement...
]]></system-out>
  </testcase>
</testsuite>